<?xml version="1.0" encoding="UTF-8"?>
<testsuite name="Como usuario de newtours" tests="1" skipped="0" failures="0" errors="0" timestamp="2022-05-16T18:37:07" hostname="DESKTOP-1AEEV3K" time="16.519">
  <properties/>
  <testcase name="Intento de realizar login exitoso en la web de new tours" classname="Como usuario de newtours" time="16.519"/>
  <system-out><![CDATA[]]></system-out>
  <system-err><![CDATA[may 16, 2022 1:37:09 PM org.openqa.selenium.remote.DesiredCapabilities chrome
INFORMACIÓN: Using `new ChromeOptions()` is preferred to `DesiredCapabilities.chrome()`
[Test worker] INFO net.serenitybdd.core.webdriver.driverproviders.ProvideNewDriver - Instantiating driver
[Test worker] INFO net.serenitybdd.core.webdriver.driverproviders.ProvideNewDriver - Driver capabilities: Capabilities {acceptInsecureCerts: false, browserName: chrome, goog:chromeOptions: {args: [], extensions: []}, loggingPrefs: org.openqa.selenium.logging..., platform: ANY, version: }
Starting ChromeDriver 101.0.4951.41 (93c720db8323b3ec10d056025ab95c23a31997c9-refs/branch-heads/4951@{#904}) on port 16087
Only local connections are allowed.
Please see https://chromedriver.chromium.org/security-considerations for suggestions on keeping ChromeDriver safe.
ChromeDriver was started successfully.
may 16, 2022 1:37:13 PM org.openqa.selenium.remote.ProtocolHandshake createSession
INFORMACIÓN: Detected dialect: W3C
may 16, 2022 1:37:17 PM com.babel.automation.registro.tasks.AbreLaWeb performAs
INFORMACIÓN: Se abre la web de new tours
[Test worker] INFO net.thucydides.core.steps.ConsoleLoggingListener - 
        __    _____ _____ ____ _____   ____   _    ____  ____  _____ ____  
  _     \ \  |_   _| ____/ ___|_   _| |  _ \ / \  / ___|/ ___|| ____|  _ \ 
 (_)_____| |   | | |  _| \___ \ | |   | |_) / _ \ \___ \\___ \|  _| | | | |
  _|_____| |   | | | |___ ___) || |   |  __/ ___ \ ___) |___) | |___| |_| |
 (_)     | |   |_| |_____|____/ |_|   |_| /_/   \_\____/|____/|_____|____/ 
        /_/                                                                

TEST PASSED: Intento de realizar login exitoso en la web de new tours
----------------------------------------------------------------------------
]]></system-err>
</testsuite>
